2025-09-14 20:24:24,374 INFO: KP Generator startup [in D:\kp_generator\app.py:21]
2025-09-14 20:24:24,878 INFO: KP Generator startup [in D:\kp_generator\app.py:21]
2025-09-14 20:28:10,091 INFO: KP Generator startup [in D:\kp_generator\app.py:22]
2025-09-14 20:29:56,495 INFO: KP Generator startup [in D:\kp_generator\app.py:22]
2025-09-14 20:29:57,012 INFO: KP Generator startup [in D:\kp_generator\app.py:22]
2025-09-14 20:36:55,207 INFO: KP Generator startup [in D:\kp_generator\app.py:23]
2025-09-14 20:36:55,719 INFO: KP Generator startup [in D:\kp_generator\app.py:23]
2025-09-14 20:51:13,706 INFO: KP Generator startup [in D:\kp_generator\app.py:23]
2025-09-14 20:51:14,264 INFO: KP Generator startup [in D:\kp_generator\app.py:23]
2025-09-14 20:51:58,656 INFO: KP Generator startup [in D:\kp_generator\app.py:23]
2025-09-14 20:51:59,226 INFO: KP Generator startup [in D:\kp_generator\app.py:23]
2025-09-14 20:52:08,372 INFO: KP Generator startup [in D:\kp_generator\app.py:23]
2025-09-14 20:52:08,943 INFO: KP Generator startup [in D:\kp_generator\app.py:23]
2025-09-14 20:53:15,379 INFO: KP Generator startup [in D:\kp_generator\app.py:23]
2025-09-14 20:53:15,940 INFO: KP Generator startup [in D:\kp_generator\app.py:23]
2025-09-14 20:55:29,110 INFO: KP Generator startup [in D:\kp_generator\app.py:23]
2025-09-14 20:55:29,665 INFO: KP Generator startup [in D:\kp_generator\app.py:23]
2025-09-14 20:57:03,137 INFO: KP Generator startup [in D:\kp_generator\app.py:23]
2025-09-14 20:57:03,669 INFO: KP Generator startup [in D:\kp_generator\app.py:23]
2025-09-14 21:09:16,511 INFO: KP Generator startup [in D:\kp_generator\app.py:23]
2025-09-14 21:09:17,027 INFO: KP Generator startup [in D:\kp_generator\app.py:23]
2025-09-14 21:11:13,771 INFO: KP Generator startup [in D:\kp_generator\app.py:23]
2025-09-14 21:11:14,316 INFO: KP Generator startup [in D:\kp_generator\app.py:23]
2025-09-14 21:26:46,272 INFO: KP Generator startup [in D:\kp_generator\app.py:23]
2025-09-14 21:26:46,840 INFO: KP Generator startup [in D:\kp_generator\app.py:23]
2025-09-15 00:30:07,665 INFO: KP Generator startup [in D:\kp_generator\app.py\:23]
2025-09-15 00:30:07,694 INFO: [31m[1mWARNING: This is a development server. Do not use it in a production deployment. Use a production WSGI server instead.[0m
 * Running on http://127.0.0.1:5000 [in D:\kp_generator\venv\Lib\site-packages\werkzeug\_internal.py:97]
2025-09-15 00:30:07,695 INFO: [33mPress CTRL+C to quit[0m [in D:\kp_generator\venv\Lib\site-packages\werkzeug\_internal.py:97]
2025-09-15 00:30:07,697 INFO:  * Restarting with stat [in D:\kp_generator\venv\Lib\site-packages\werkzeug\_internal.py:97]
2025-09-15 00:30:08,213 INFO: KP Generator startup [in D:\kp_generator\app.py\:23]
2025-09-15 00:30:08,229 WARNING:  * Debugger is active! [in D:\kp_generator\venv\Lib\site-packages\werkzeug\_internal.py:97]
2025-09-15 00:30:08,232 INFO:  * Debugger PIN: 105-865-480 [in D:\kp_generator\venv\Lib\site-packages\werkzeug\_internal.py:97]
2025-09-15 00:30:11,037 INFO: 127.0.0.1 - - [15/Sep/2025 00:30:11] "GET / HTTP/1.1" 200 - [in D:\kp_generator\venv\Lib\site-packages\werkzeug\_internal.py:97]
2025-09-15 00:30:11,171 INFO: 127.0.0.1 - - [15/Sep/2025 00:30:11] "[36mGET /static/css/style.css HTTP/1.1[0m" 304 - [in D:\kp_generator\venv\Lib\site-packages\werkzeug\_internal.py:97]
2025-09-15 00:31:02,244 INFO: 127.0.0.1 - - [15/Sep/2025 00:31:02] "GET / HTTP/1.1" 200 - [in D:\kp_generator\venv\Lib\site-packages\werkzeug\_internal.py:97]
2025-09-15 00:31:02,273 INFO: 127.0.0.1 - - [15/Sep/2025 00:31:02] "[36mGET /static/css/style.css HTTP/1.1[0m" 304 - [in D:\kp_generator\venv\Lib\site-packages\werkzeug\_internal.py:97]
2025-09-15 00:31:12,711 INFO: 127.0.0.1 - - [15/Sep/2025 00:31:12] "POST /generate HTTP/1.1" 200 - [in D:\kp_generator\venv\Lib\site-packages\werkzeug\_internal.py:97]
2025-09-15 00:34:11,758 INFO: 127.0.0.1 - - [15/Sep/2025 00:34:11] "GET / HTTP/1.1" 200 - [in D:\kp_generator\venv\Lib\site-packages\werkzeug\_internal.py:97]
2025-09-15 00:34:11,913 INFO: 127.0.0.1 - - [15/Sep/2025 00:34:11] "[36mGET /static/css/style.css HTTP/1.1[0m" 304 - [in D:\kp_generator\venv\Lib\site-packages\werkzeug\_internal.py:97]
2025-09-15 00:34:13,228 INFO: 127.0.0.1 - - [15/Sep/2025 00:34:13] "[35m[1mGET /favicon.ico HTTP/1.1[0m" 500 - [in D:\kp_generator\venv\Lib\site-packages\werkzeug\_internal.py:97]
2025-09-15 00:34:58,064 INFO: 127.0.0.1 - - [15/Sep/2025 00:34:58] "POST /generate HTTP/1.1" 200 - [in D:\kp_generator\venv\Lib\site-packages\werkzeug\_internal.py:97]
2025-09-15 21:51:50,260 INFO: KP Generator startup [in D:\kp_generator\app.py:23]
2025-09-15 21:51:50,794 INFO: KP Generator startup [in D:\kp_generator\app.py:23]
2025-09-15 22:08:39,504 INFO: KP Generator startup [in D:\kp_generator\app.py:24]
2025-09-15 22:08:40,019 INFO: KP Generator startup [in D:\kp_generator\app.py:24]
2025-09-15 22:11:18,008 INFO: KP Generator startup [in D:\kp_generator\app.py:23]
2025-09-15 22:26:58,249 INFO: KP Generator startup [in D:\kp_generator\app.py:23]
2025-09-15 22:26:58,784 INFO: KP Generator startup [in D:\kp_generator\app.py:23]
2025-09-15 22:30:20,321 INFO: KP Generator startup [in D:\kp_generator\app.py:23]
2025-09-15 22:30:36,405 INFO: KP Generator startup [in D:\kp_generator\app.py:23]
2025-09-15 22:30:38,165 INFO: KP Generator startup [in D:\kp_generator\app.py:23]
2025-09-15 22:32:22,982 INFO: KP Generator startup [in D:\kp_generator\app.py:23]
2025-09-15 22:32:23,500 INFO: KP Generator startup [in D:\kp_generator\app.py:23]
2025-09-15 22:33:42,338 INFO: KP Generator startup [in D:\kp_generator\app.py:23]
2025-09-15 22:41:57,724 INFO: KP Generator startup [in D:\kp_generator\app.py:23]
2025-09-15 22:41:58,257 INFO: KP Generator startup [in D:\kp_generator\app.py:23]
2025-09-15 22:49:46,343 INFO: KP Generator startup [in D:\kp_generator\app.py:23]
2025-09-15 22:49:47,001 INFO: KP Generator startup [in D:\kp_generator\app.py:23]
2025-09-15 22:51:52,818 INFO: KP Generator startup [in D:\kp_generator\app.py:23]
2025-09-15 22:51:53,388 INFO: KP Generator startup [in D:\kp_generator\app.py:23]
2025-09-15 22:57:55,593 INFO: KP Generator startup [in D:\kp_generator\app.py:23]
